[GIN-debug] [WARNING] Running in "debug" mode. Switch to "release" mode in production.
 - using env:	export GIN_MODE=release
 - using code:	gin.SetMode(gin.ReleaseMode)

2026/03/09 13:23:27 🚀 API iniciada e banco conectado
[GIN-debug] GET    /swagger/*any             --> github.com/swaggo/gin-swagger.CustomWrapHandler.func1 (4 handlers)
[GIN-debug] GET    /ping                     --> main.main.func1 (4 handlers)
[GIN-debug] OPTIONS /*path                    --> main.main.func2 (4 handlers)
[GIN-debug] GET    /profiles/                --> resume-genAI-api/controller.(*ProfileController).Get-fm (4 handlers)
[GIN-debug] GET    /profiles/:id             --> resume-genAI-api/controller.(*ProfileController).FindByID-fm (4 handlers)
[GIN-debug] POST   /profiles/                --> resume-genAI-api/controller.(*ProfileController).Create-fm (4 handlers)
[GIN-debug] PUT    /profiles/:id             --> resume-genAI-api/controller.(*ProfileController).Update-fm (4 handlers)
[GIN-debug] DELETE /profiles/:id             --> resume-genAI-api/controller.(*ProfileController).Delete-fm (4 handlers)
[GIN-debug] GET    /certifications/          --> resume-genAI-api/controller.(*CertificationController).GetAll-fm (4 handlers)
[GIN-debug] GET    /certifications/:id       --> resume-genAI-api/controller.(*CertificationController).FindByID-fm (4 handlers)
[GIN-debug] POST   /certifications/          --> resume-genAI-api/controller.(*CertificationController).Create-fm (4 handlers)
[GIN-debug] PUT    /certifications/:id       --> resume-genAI-api/controller.(*CertificationController).Update-fm (4 handlers)
[GIN-debug] DELETE /certifications/:id       --> resume-genAI-api/controller.(*CertificationController).Delete-fm (4 handlers)
[GIN-debug] GET    /contacts/                --> resume-genAI-api/controller.(*ContactController).GetAll-fm (4 handlers)
[GIN-debug] GET    /contacts/:email          --> resume-genAI-api/controller.(*ContactController).FindByEmail-fm (4 handlers)
[GIN-debug] POST   /contacts/                --> resume-genAI-api/controller.(*ContactController).Create-fm (4 handlers)
[GIN-debug] PUT    /contacts/:email          --> resume-genAI-api/controller.(*ContactController).Update-fm (4 handlers)
[GIN-debug] DELETE /contacts/:email          --> resume-genAI-api/controller.(*ContactController).Delete-fm (4 handlers)
[GIN-debug] GET    /educations/              --> resume-genAI-api/controller.(*EducationController).GetAll-fm (4 handlers)
[GIN-debug] GET    /educations/:id           --> resume-genAI-api/controller.(*EducationController).FindByID-fm (4 handlers)
[GIN-debug] POST   /educations/              --> resume-genAI-api/controller.(*EducationController).Create-fm (4 handlers)
[GIN-debug] PUT    /educations/:id           --> resume-genAI-api/controller.(*EducationController).Update-fm (4 handlers)
[GIN-debug] DELETE /educations/:id           --> resume-genAI-api/controller.(*EducationController).Delete-fm (4 handlers)
[GIN-debug] GET    /experiences/             --> resume-genAI-api/controller.(*ExperienceController).GetAll-fm (4 handlers)
[GIN-debug] GET    /experiences/:id          --> resume-genAI-api/controller.(*ExperienceController).FindByID-fm (4 handlers)
[GIN-debug] POST   /experiences/             --> resume-genAI-api/controller.(*ExperienceController).Create-fm (4 handlers)
[GIN-debug] PUT    /experiences/:id          --> resume-genAI-api/controller.(*ExperienceController).Update-fm (4 handlers)
[GIN-debug] DELETE /experiences/:id          --> resume-genAI-api/controller.(*ExperienceController).Delete-fm (4 handlers)
[GIN-debug] GET    /languages/               --> resume-genAI-api/controller.(*LanguageController).GetAll-fm (4 handlers)
[GIN-debug] GET    /languages/:id            --> resume-genAI-api/controller.(*LanguageController).FindByID-fm (4 handlers)
[GIN-debug] POST   /languages/               --> resume-genAI-api/controller.(*LanguageController).Create-fm (4 handlers)
[GIN-debug] PUT    /languages/:id            --> resume-genAI-api/controller.(*LanguageController).Update-fm (4 handlers)
[GIN-debug] DELETE /languages/:id            --> resume-genAI-api/controller.(*LanguageController).Delete-fm (4 handlers)
[GIN-debug] GET    /projects/                --> resume-genAI-api/controller.(*ProjectController).GetAll-fm (4 handlers)
[GIN-debug] GET    /projects/:id             --> resume-genAI-api/controller.(*ProjectController).FindByID-fm (4 handlers)
[GIN-debug] POST   /projects/                --> resume-genAI-api/controller.(*ProjectController).Create-fm (4 handlers)
[GIN-debug] PUT    /projects/:id             --> resume-genAI-api/controller.(*ProjectController).Update-fm (4 handlers)
[GIN-debug] DELETE /projects/:id             --> resume-genAI-api/controller.(*ProjectController).Delete-fm (4 handlers)
[GIN-debug] GET    /resumes/                 --> resume-genAI-api/controller.(*ResumeController).GetAll-fm (4 handlers)
[GIN-debug] GET    /resumes/:id              --> resume-genAI-api/controller.(*ResumeController).FindByID-fm (4 handlers)
[GIN-debug] POST   /resumes/                 --> resume-genAI-api/controller.(*ResumeController).Create-fm (4 handlers)
[GIN-debug] PUT    /resumes/:id              --> resume-genAI-api/controller.(*ResumeController).Update-fm (4 handlers)
[GIN-debug] DELETE /resumes/:id              --> resume-genAI-api/controller.(*ResumeController).Delete-fm (4 handlers)
[GIN-debug] GET    /skills/                  --> resume-genAI-api/controller.(*SkillController).GetAll-fm (4 handlers)
[GIN-debug] GET    /skills/:id               --> resume-genAI-api/controller.(*SkillController).FindByID-fm (4 handlers)
[GIN-debug] POST   /skills/                  --> resume-genAI-api/controller.(*SkillController).Create-fm (4 handlers)
[GIN-debug] PUT    /skills/:id               --> resume-genAI-api/controller.(*SkillController).Update-fm (4 handlers)
[GIN-debug] DELETE /skills/:id               --> resume-genAI-api/controller.(*SkillController).Delete-fm (4 handlers)
[GIN-debug] GET    /socialmedias/            --> resume-genAI-api/controller.(*SocialMediaController).GetAll-fm (4 handlers)
[GIN-debug] GET    /socialmedias/:handle     --> resume-genAI-api/controller.(*SocialMediaController).FindByHandle-fm (4 handlers)
[GIN-debug] POST   /socialmedias/            --> resume-genAI-api/controller.(*SocialMediaController).Create-fm (4 handlers)
[GIN-debug] PUT    /socialmedias/:handle     --> resume-genAI-api/controller.(*SocialMediaController).Update-fm (4 handlers)
[GIN-debug] DELETE /socialmedias/:handle     --> resume-genAI-api/controller.(*SocialMediaController).Delete-fm (4 handlers)
2026/03/09 13:23:28 SkillMatch AI running on :8080
[GIN-debug] [WARNING] You trusted all proxies, this is NOT safe. We recommend you to set a value.
Please check https://github.com/gin-gonic/gin/blob/master/docs/doc.md#dont-trust-all-proxies for details.
[GIN-debug] Listening and serving HTTP on :8080
[GIN-debug] [ERROR] listen tcp :8080: bind: Normalmente é permitida apenas uma utilização de cada endereço de soquete (protocolo/endereço de rede/porta).
